<?xml version="1.0" encoding="utf-8" standalone="no"?>
<test-results xmlns:xsi="http://www.w3.org/2001/XMLSchema-instance" xsi:noNamespaceSchemaLocation="nunit_schema_2.5.xsd" name="Pester" total="453" errors="0" failures="0" not-run="0" inconclusive="0" ignored="0" skipped="0" invalid="0" date="2026-08-28" time="14:35:25">
  <environment nunit-version="2.5.8.0" user="Peter" clr-version="10.0.11" machine-name="DESKTOP-OFFICE" cwd="C:\Projects\FileBackup" os-version="10.0.26200" user-domain="DESKTOP-OFFICE" platform="Microsoft Windows 11 Pro|C:\WINDOWS|\Device\Harddisk1\Partition3" />
  <culture-info current-culture="en-US" current-uiculture="en-US" />
  <test-suite type="TestFixture" name="Pester" executed="True" result="Success" success="True" time="410.5654" asserts="0" description="Pester">
    <results>
      <test-suite type="TestFixture" name="C:\Projects\FileBackup\tests\Unit\Common.Tests.ps1" executed="True" result="Success" success="True" time="3.3551" asserts="0" description="C:\Projects\FileBackup\tests\Unit\Common.Tests.ps1">
        <results>
          <test-suite type="TestFixture" name="Short-name encoding" executed="True" result="Success" success="True" time="0.4399" asserts="0" description="Short-name encoding">
            <results>
              <test-case description="round-trips a full 128-bit hash EXACTLY, all 32 hex digits (SR-069, TC-004)" name="Short-name encoding.round-trips a full 128-bit hash EXACTLY, all 32 hex digits (SR-069, TC-004)" time="0.1651" asserts="0" success="True" result="Success" executed="True" />
              <test-case description="uses exactly 57 glyphs and excludes the ambiguous 0 O I l 1 (SR-069, TC-142)" name="Short-name encoding.uses exactly 57 glyphs and excludes the ambiguous 0 O I l 1 (SR-069, TC-142)" time="0.0598" asserts="0" success="True" result="Success" executed="True" />
              <test-case description="produces a &quot;_&quot; name with an UNPADDED length (SR-069, TC-143)" name="Short-name encoding.produces a &quot;_&quot; name with an UNPADDED length (SR-069, TC-143)" time="0.0402" asserts="0" success="True" result="Success" executed="True" />
              <test-case description="encodes a zero-length object as the zero digit (SR-069, TC-144)" name="Short-name encoding.encodes a zero-length object as the zero digit (SR-069, TC-144)" time="0.008" asserts="0" success="True" result="Success" executed="True" />
              <test-case description="treats the extension as OPAQUE and round-trips a hostile one (SR-070, TC-146)" name="Short-name encoding.treats the extension as OPAQUE and round-trips a hostile one (SR-070, TC-146)" time="0.0513" asserts="0" success="True" result="Success" executed="True" />
              <test-case description="accepts an EMPTY extension - an extensionless source file (SR-070, TC-148)" name="Short-name encoding.accepts an EMPTY extension - an extensionless source file (SR-070, TC-148)" time="0.0081" asserts="0" success="True" result="Success" executed="True" />
              <test-case description="THROWS rather than truncating a value too wide for the field (SR-069, TC-145)" name="Short-name encoding.THROWS rather than truncating a value too wide for the field (SR-069, TC-145)" time="0.0362" asserts="0" success="True" result="Success" executed="True" />
              <test-case description="refuses to parse a PRE-WP12 base-85 name (SR-061, SR-069, TC-147)" name="Short-name encoding.refuses to parse a PRE-WP12 base-85 name (SR-061, SR-069, TC-147)" time="0.0057" asserts="0" success="True" result="Success" executed="True" />
              <test-case description="returns $null for a malformed name instead of throwing (SR-069)" name="Short-name encoding.returns $null for a malformed name instead of throwing (SR-069)" time="0.0248" asserts="0" success="True" result="Success" executed="True" />
            </results>
          </test-suite>
          <test-suite type="TestFixture" name="Legacy vs current are different questions (SR-061, SR-069)" executed="True" result="Success" success="True" time="0.4856" asserts="0" description="Legacy vs current are different questions (SR-061, SR-069)">
            <results>
              <test-case description="does NOT classify a damaged or foreign DataPath as legacy (TC-150, SR-049)" name="Legacy vs current are different questions (SR-061, SR-069).does NOT classify a damaged or foreign DataPath as legacy (TC-150, SR-049)" time="0.0157" asserts="0" success="True" result="Success" executed="True" />
              <test-case description="DOES classify both retired grammars as legacy (TC-150, SR-061)" name="Legacy vs current are different questions (SR-061, SR-069).DOES classify both retired grammars as legacy (TC-150, SR-061)" time="0.0081" asserts="0" success="True" result="Success" executed="True" />
              <test-case description="never treats a blank DataPath as legacy - it means &quot;recover by hash&quot; (TC-150)" name="Legacy vs current are different questions (SR-061, SR-069).never treats a blank DataPath as legacy - it means &quot;recover by hash&quot; (TC-150)" time="0.0043" asserts="0" success="True" result="Success" executed="True" />
              <test-case description="has a NON-EMPTY &quot;neither&quot; class, and nothing is ever both (TC-150)" name="Legacy vs current are different questions (SR-061, SR-069).has a NON-EMPTY &quot;neither&quot; class, and nothing is ever both (TC-150)" time="0.0121" asserts="0" success="True" result="Success" executed="True" />
            </results>
          </test-suite>
          <test-suite type="TestFixture" name="Name-grammar conformance corpus (SR-069, SR-061)" executed="True" result="Success" success="True" time="0.5887" asserts="0" description="Name-grammar conformance corpus (SR-069, SR-061)">
            <results>
              <test-case description="is committed and non-trivial (TC-151)" name="Name-grammar conformance corpus (SR-069, SR-061).is committed and non-trivial (TC-151)" time="0.0074" asserts="0" success="True" result="Success" executed="True" />
              <test-case description="still describes what these functions actually answer (TC-151)" name="Name-grammar conformance corpus (SR-069, SR-061).still describes what these functions actually answer (TC-151)" time="0.0704" asserts="0" success="True" result="Success" executed="True" />
              <test-case description="covers all three classes, so the bash parity check is meaningful (TC-151)" name="Name-grammar conformance corpus (SR-069, SR-061).covers all three classes, so the bash parity check is meaningful (TC-151)" time="0.0184" asserts="0" success="True" result="Success" executed="True" />
            </results>
          </test-suite>
          <test-suite type="TestFixture" name="The alphabet keeps the properties WP12 chose it for (SR-069)" executed="True" result="Success" success="True" time="0.6181" asserts="0" description="The alphabet keeps the properties WP12 chose it for (SR-069)">
            <results>
              <test-case description="folds to exactly 34 case-insensitive classes on NTFS (TC-153)" name="The alphabet keeps the properties WP12 chose it for (SR-069).folds to exactly 34 case-insensitive classes on NTFS (TC-153)" time="0.0183" asserts="0" success="True" result="Success" executed="True" />
              <test-case description="still holds a 128-bit hash in its 22-character field (TC-153)" name="The alphabet keeps the properties WP12 chose it for (SR-069).still holds a 128-bit hash in its 22-character field (TC-153)" time="0.0065" asserts="0" success="True" result="Success" executed="True" />
            </results>
          </test-suite>
          <test-suite type="TestFixture" name="Test-ShouldCompress" executed="True" result="Success" success="True" time="0.65" asserts="0" description="Test-ShouldCompress">
            <results>
              <test-case description="is false when compression disabled" name="Test-ShouldCompress.is false when compression disabled" time="0.0067" asserts="0" success="True" result="Success" executed="True" />
              <test-case description="is true for compressible extensions" name="Test-ShouldCompress.is true for compressible extensions" time="0.0054" asserts="0" success="True" result="Success" executed="True" />
              <test-case description="is false for already-compressed extensions" name="Test-ShouldCompress.is false for already-compressed extensions" time="0.0105" asserts="0" success="True" result="Success" executed="True" />
              <test-case description="inspects only the extension, not the path" name="Test-ShouldCompress.inspects only the extension, not the path" time="0.0045" asserts="0" success="True" result="Success" executed="True" />
            </results>
          </test-suite>
          <test-suite type="TestFixture" name="Manifest date round-trip" executed="True" result="Success" success="True" time="0.6686" asserts="0" description="Manifest date round-trip">
            <results>
              <test-case description="survives ConvertTo/ConvertFrom" name="Manifest date round-trip.survives ConvertTo/ConvertFrom" time="0.0139" asserts="0" success="True" result="Success" executed="True" />
            </results>
          </test-suite>
          <test-suite type="TestFixture" name="Get-FileXxHash" executed="True" result="Success" success="True" time="2.169" asserts="0" description="Get-FileXxHash">
            <results>
              <test-case description="returns a 32-char uppercase hex string and is deterministic" name="Get-FileXxHash.returns a 32-char uppercase hex string and is deterministic" time="1.4763" asserts="0" success="True" result="Success" executed="True" />
              <test-case description="differs for different content" name="Get-FileXxHash.differs for different content" time="0.015" asserts="0" success="True" result="Success" executed="True" />
            </results>
          </test-suite>
          <test-suite type="TestFixture" name="Read/Write-Manifest" executed="True" result="Success" success="True" time="2.2681" asserts="0" description="Read/Write-Manifest">
            <results>
              <test-case description="round-trips rows with typed Length and LastWriteTime" name="Read/Write-Manifest.round-trips rows with typed Length and LastWriteTime" time="0.0588" asserts="0" success="True" result="Success" executed="True" />
              <test-case description="tolerates a null/empty record set" name="Read/Write-Manifest.tolerates a null/empty record set" time="0.0144" asserts="0" success="True" result="Success" executed="True" />
              <test-case description="returns @() for a missing manifest" name="Read/Write-Manifest.returns @() for a missing manifest" time="0.0064" asserts="0" success="True" result="Success" executed="True" />
            </results>
          </test-suite>
          <test-suite type="TestFixture" name="Manifest witness sidecar (SR-038)" executed="True" result="Success" success="True" time="2.5802" asserts="0" description="Manifest witness sidecar (SR-038)">
            <results>
              <test-case description="writes a sidecar whose Rows/Bytes/XxH128 describe the manifest as written (SR-038)" name="Manifest witness sidecar (SR-038).writes a sidecar whose Rows/Bytes/XxH128 describe the manifest as written (SR-038)" time="0.0541" asserts="0" success="True" result="Success" executed="True" />
              <test-case description="is UTF-8 without BOM and LF-terminated so the bash reader can parse it (SR-038)" name="Manifest witness sidecar (SR-038).is UTF-8 without BOM and LF-terminated so the bash reader can parse it (SR-038)" time="0.0205" asserts="0" success="True" result="Success" executed="True" />
              <test-case description="records Rows=0 for an empty record set (SR-038)" name="Manifest witness sidecar (SR-038).records Rows=0 for an empty record set (SR-038)" time="0.0191" asserts="0" success="True" result="Success" executed="True" />
              <test-case description="republishes the sidecar atomically on rewrite, leaving no .tmp behind (SR-038)" name="Manifest witness sidecar (SR-038).republishes the sidecar atomically on rewrite, leaving no .tmp behind (SR-038)" time="0.0379" asserts="0" success="True" result="Success" executed="True" />
              <test-case description="reports Absent, Mismatch and Malformed distinctly (SR-039)" name="Manifest witness sidecar (SR-038).reports Absent, Mismatch and Malformed distinctly (SR-039)" time="0.0631" asserts="0" success="True" result="Success" executed="True" />
              <test-case description="verifies only the understood keys when the sidecar is from the future (SR-039)" name="Manifest witness sidecar (SR-038).verifies only the understood keys when the sidecar is from the future (SR-039)" time="0.0353" asserts="0" success="True" result="Success" executed="True" />
              <test-case description="accepts a Rows-only disagreement with a warning, because the digest is authoritative (SR-039)" name="Manifest witness sidecar (SR-038).accepts a Rows-only disagreement with a warning, because the digest is authoritative (SR-039)" time="0.0404" asserts="0" success="True" result="Success" executed="True" />
            </results>
          </test-suite>
          <test-suite type="TestFixture" name="Common does not depend on Engine (SR-007)" executed="True" result="Success" success="True" time="2.7499" asserts="0" description="Common does not depend on Engine (SR-007)">
            <results>
              <test-case description="FileBackup.Common.psm1 imports no Engine module (SR-007)" name="Common does not depend on Engine (SR-007).FileBackup.Common.psm1 imports no Engine module (SR-007)" time="0.0831" asserts="0" success="True" result="Success" executed="True" />
              <test-case description="Reconstruct.ps1 calls no Engine function and imports no Engine module (SR-007)" name="Common does not depend on Engine (SR-007).Reconstruct.ps1 calls no Engine function and imports no Engine module (SR-007)" time="0.0815" asserts="0" success="True" result="Success" executed="True" />
            </results>
          </test-suite>
          <test-suite type="TestFixture" name="New-RelativePathMap keys compare like the local filesystem (SR-034)" executed="True" result="Success" success="True" time="2.7718" asserts="0" description="New-RelativePathMap keys compare like the local filesystem (SR-034)">
            <results>
              <test-case description="merges case-differing keys on Windows and keeps them distinct elsewhere" name="New-RelativePathMap keys compare like the local filesystem (SR-034).merges case-differing keys on Windows and keeps them distinct elsewhere" time="0.0155" asserts="0" success="True" result="Success" executed="True" />
            </results>
          </test-suite>
        </results>
      </test-suite>
      <test-suite type="TestFixture" name="C:\Projects\FileBackup\tests\Unit\Coverage.Tests.ps1" executed="True" result="Success" success="True" time="262.9787" asserts="0" description="C:\Projects\FileBackup\tests\Unit\Coverage.Tests.ps1">
        <results>
          <test-suite type="TestFixture" name="Dated point-in-time snapshot (SR-005)" executed="True" result="Success" success="True" time="1.2816" asserts="0" description="Dated point-in-time snapshot (SR-005)">
            <results>
              <test-case description="creates a Snapshot_ folder carrying its own MANIFEST.csv (SR-005)" name="Dated point-in-time snapshot (SR-005).creates a Snapshot_ folder carrying its own MANIFEST.csv (SR-005)" time="1.256" asserts="0" success="True" result="Success" executed="True" />
            </results>
          </test-suite>
          <test-suite type="TestFixture" name="Cross-platform restore kit deposition (SR-007, SR-031)" executed="True" result="Success" success="True" time="2.2228" asserts="0" description="Cross-platform restore kit deposition (SR-007, SR-031)">
            <results>
              <test-case description="bundles Windows and POSIX restore entry points in the live backup and snapshot" name="Cross-platform restore kit deposition (SR-007, SR-031).bundles Windows and POSIX restore entry points in the live backup and snapshot" time="0.9156" asserts="0" success="True" result="Success" executed="True" />
            </results>
          </test-suite>
          <test-suite type="TestFixture" name="Independent multi-set processing (SR-014)" executed="True" result="Success" success="True" time="5.0919" asserts="0" description="Independent multi-set processing (SR-014)">
            <results>
              <test-case description="runs the good set and exits non-zero when another set fails (SR-014)" name="Independent multi-set processing (SR-014).runs the good set and exits non-zero when another set fails (SR-014)" time="2.8492" asserts="0" success="True" result="Success" executed="True" />
            </results>
          </test-suite>
          <test-suite type="TestFixture" name="Restore capacity check (SR-023)" executed="True" result="Success" success="True" time="5.6458" asserts="0" description="Restore capacity check (SR-023)">
            <results>
              <test-case description="aborts the restore when the target lacks free space (SR-023)" name="Restore capacity check (SR-023).aborts the restore when the target lacks free space (SR-023)" time="0.52" asserts="0" success="True" result="Success" executed="True" />
            </results>
          </test-suite>
          <test-suite type="TestFixture" name="Compressed backup roundtrip (SR-004, SR-008)" executed="True" result="Success" success="True" time="6.2799" asserts="0" description="Compressed backup roundtrip (SR-004, SR-008)">
            <results>
              <test-case description="compresses a compressible file and restores it byte-for-byte" name="Compressed backup roundtrip (SR-004, SR-008).compresses a compressible file and restores it byte-for-byte" time="0.6092" asserts="0" success="True" result="Success" executed="True" />
            </results>
          </test-suite>
          <test-suite type="TestFixture" name="Direct 7-Zip compress/expand (SR-004, SR-008)" executed="True" result="Success" success="True" time="6.3797" asserts="0" description="Direct 7-Zip compress/expand (SR-004, SR-008)">
            <results>
              <test-case description="round-trips a file through Compress-FileWithSevenZip / Expand-FileWithSevenZip" name="Direct 7-Zip compress/expand (SR-004, SR-008).round-trips a file through Compress-FileWithSevenZip / Expand-FileWithSevenZip" time="0.0892" asserts="0" success="True" result="Success" executed="True" />
            </results>
          </test-suite>
          <test-suite type="TestFixture" name="Removed-file eviction (SR-006)" executed="True" result="Success" success="True" time="7.2927" asserts="0" description="Removed-file eviction (SR-006)">
            <results>
              <test-case description="drops a deleted file's manifest row on the next run (SR-006)" name="Removed-file eviction (SR-006).drops a deleted file's manifest row on the next run (SR-006)" time="0.8894" asserts="0" success="True" result="Success" executed="True" />
            </results>
          </test-suite>
          <test-suite type="TestFixture" name="Media metric degradation (SR-020)" executed="True" result="Success" success="True" time="7.3029" asserts="0" description="Media metric degradation (SR-020)">
            <results>
              <test-case description="returns null when ffprobe is unavailable (SR-020)" name="Media metric degradation (SR-020).returns null when ffprobe is unavailable (SR-020)" time="0.0051" asserts="0" success="True" result="Success" executed="True" />
            </results>
          </test-suite>
          <test-suite type="TestFixture" name="Cross-change duplicate collapse (SR-026)" executed="True" result="Success" success="True" time="7.393" asserts="0" description="Cross-change duplicate collapse (SR-026)">
            <results>
              <test-case description="keeps one physical copy of identical data shared across change folders (SR-026)" name="Cross-change duplicate collapse (SR-026).keeps one physical copy of identical data shared across change folders (SR-026)" time="0.0759" asserts="0" success="True" result="Success" executed="True" />
            </results>
          </test-suite>
          <test-suite type="TestFixture" name="Clean cutover from Pre_*_Changes (SR-028)" executed="True" result="Success" success="True" time="7.4094" asserts="0" description="Clean cutover from Pre_*_Changes (SR-028)">
            <results>
              <test-case description="engine, common and reconstruct contain no Pre_*_Changes logic (SR-028)" name="Clean cutover from Pre_*_Changes (SR-028).engine, common and reconstruct contain no Pre_*_Changes logic (SR-028)" time="0.0123" asserts="0" success="True" result="Success" executed="True" />
            </results>
          </test-suite>
          <test-suite type="TestFixture" name="Point-in-time restore from a dated snapshot (SR-010)" executed="True" result="Success" success="True" time="9.8018" asserts="0" description="Point-in-time restore from a dated snapshot (SR-010)">
            <results>
              <test-suite type="ParameterizedTest" name="Point-in-time restore from a dated snapshot (SR-010).restores a modified file at its OLD version from the snapshot, latest from the root (&lt;Mode&gt;)" executed="True" result="Success" success="True" time="2.3438" asserts="0" description="restores a modified file at its OLD version from the snapshot, latest from the root (&lt;Mode&gt;)">
                <results>
                  <test-case description="restores a modified file at its OLD version from the snapshot, latest from the root (Plain)" name="Point-in-time restore from a dated snapshot (SR-010).restores a modified file at its OLD version from the snapshot, latest from the root (Plain)" time="1.1132" asserts="0" success="True" result="Success" executed="True" />
                  <test-case description="restores a modified file at its OLD version from the snapshot, latest from the root (Compress)" name="Point-in-time restore from a dated snapshot (SR-010).restores a modified file at its OLD version from the snapshot, latest from the root (Compress)" time="1.2306" asserts="0" success="True" result="Success" executed="True" />
                </results>
              </test-suite>
            </results>
          </test-suite>
          <test-suite type="TestFixture" name="Re-deleted content stored once across snapshots (SR-028, SR-010)" executed="True" result="Success" success="True" time="11.914" asserts="0" description="Re-deleted content stored once across snapshots (SR-028, SR-010)">
            <results>
              <test-case description="keeps one physical copy through a delete/re-add/delete cycle and restores each state" name="Re-deleted content stored once across snapshots (SR-028, SR-010).keeps one physical copy through a delete/re-add/delete cycle and restores each state" time="2.0834" asserts="0" success="True" result="Success" executed="True" />
            </results>
          </test-suite>
          <test-suite type="TestFixture" name="Manifest-only change creates a snapshot (SR-005)" executed="True" result="Success" success="True" time="13.7236" asserts="0" description="Manifest-only change creates a snapshot (SR-005)">
            <results>
              <test-case description="snapshots on dup-add and shared-removal runs; none on a true no-op" name="Manifest-only change creates a snapshot (SR-005).snapshots on dup-add and shared-removal runs; none on a true no-op" time="1.7845" asserts="0" success="True" result="Success" executed="True" />
            </results>
          </test-suite>
          <test-suite type="TestFixture" name="Restore fails loudly when content is unrecoverable (SR-029)" executed="True" result="Success" success="True" time="14.2815" asserts="0" description="Restore fails loudly when content is unrecoverable (SR-029)">
            <results>
              <test-case description="restores everything recoverable, then throws naming the unrestored count" name="Restore fails loudly when content is unrecoverable (SR-029).restores everything recoverable, then throws naming the unrestored count" time="0.5329" asserts="0" success="True" result="Success" executed="True" />
            </results>
          </test-suite>
          <test-suite type="TestFixture" name="Restore dependency preflight (SR-008, SR-029)" executed="True" result="Success" success="True" time="14.8282" asserts="0" description="Restore dependency preflight (SR-008, SR-029)">
            <results>
              <test-case description="refuses a restore origin whose MANIFEST.csv is missing" name="Restore dependency preflight (SR-008, SR-029).refuses a restore origin whose MANIFEST.csv is missing" time="0.0669" asserts="0" success="True" result="Success" executed="True" />
              <test-case description="refuses compressed rows when 7-Zip is unavailable instead of copying archive bytes as the file" name="Restore dependency preflight (SR-008, SR-029).refuses compressed rows when 7-Zip is unavailable instead of copying archive bytes as the file" time="0.4273" asserts="0" success="True" result="Success" executed="True" />
            </results>
          </test-suite>
          <test-suite type="TestFixture" name="Reconstruct sidecar is infrastructure (SR-022)" executed="True" result="Success" success="True" time="15.5172" asserts="0" description="Reconstruct sidecar is infrastructure (SR-022)">
            <results>
              <test-case description="logs no orphan/not-in-DB warning for RECONSTRUCT.paths.json" name="Reconstruct sidecar is infrastructure (SR-022).logs no orphan/not-in-DB warning for RECONSTRUCT.paths.json" time="0.6751" asserts="0" success="True" result="Success" executed="True" />
            </results>
          </test-suite>
          <test-suite type="TestFixture" name="Manifest witness is infrastructure (SR-022, SR-038)" executed="True" result="Success" success="True" time="16.4532" asserts="0" description="Manifest witness is infrastructure (SR-022, SR-038)">
            <results>
              <test-case description="logs no orphan warning for the root witness, keeps a nested one as data, and gives each snapshot its own (SR-038)" name="Manifest witness is infrastructure (SR-022, SR-038).logs no orphan warning for the root witness, keeps a nested one as data, and gives each snapshot its own (SR-038)" time="0.9163" asserts="0" success="True" result="Success" executed="True" />
            </results>
          </test-suite>
          <test-suite type="TestFixture" name="Restore target guard (SR-009)" executed="True" result="Success" success="True" time="17.3371" asserts="0" description="Restore target guard (SR-009)">
            <results>
              <test-case description="rejects a target inside the backup but allows a prefix-sharing sibling" name="Restore target guard (SR-009).rejects a target inside the backup but allows a prefix-sharing sibling" time="0.4331" asserts="0" success="True" result="Success" executed="True" />
              <test-case description="refuses a manifest RelativePath that escapes the target root" name="Restore target guard (SR-009).refuses a manifest RelativePath that escapes the target root" time="0.4261" asserts="0" success="True" result="Success" executed="True" />
            </results>
          </test-suite>
          <test-suite type="TestFixture" name="Hash recovery of a nested infra-named pool file (SR-022, SR-010)" executed="True" result="Success" success="True" time="18.3094" asserts="0" description="Hash recovery of a nested infra-named pool file (SR-022, SR-010)">
            <results>
              <test-case description="recovers a blanked row whose only copy is a NESTED infra-named pool file (B6, TC-058)" name="Hash recovery of a nested infra-named pool file (SR-022, SR-010).recovers a blanked row whose only copy is a NESTED infra-named pool file (B6, TC-058)" time="0.9524" asserts="0" success="True" result="Success" executed="True" />
            </results>
          </test-suite>
          <test-suite type="TestFixture" name="Manifest witness verification on restore (SR-039)" executed="True" result="Success" success="True" time="19.3606" asserts="0" description="Manifest witness verification on restore (SR-039)">
            <results>
              <test-case description="refuses a truncated, byte-edited or garbage manifest without restoring a row (SR-039)" name="Manifest witness verification on restore (SR-039).refuses a truncated, byte-edited or garbage manifest without restoring a row (SR-039)" time="0.5586" asserts="0" success="True" result="Success" executed="True" />
              <test-case description="restores a sidecar-less legacy origin with an unverified warning, and refuses it under -RequireWitness (SR-039)" name="Manifest witness verification on restore (SR-039).restores a sidecar-less legacy origin with an unverified warning, and refuses it under -RequireWitness (SR-039)" time="0.4468" asserts="0" success="True" result="Success" executed="True" />
            </results>
          </test-suite>
          <test-suite type="TestFixture" name="Hash-recovery failure causes are distinguishable (SR-040)" executed="True" result="Success" success="True" time="19.9456" asserts="0" description="Hash-recovery failure causes are distinguishable (SR-040)">
            <results>
              <test-case description="reports ContentMissing, StorageUnreadable and DependencyMissing distinctly (SR-040)" name="Hash-recovery failure causes are distinguishable (SR-040).reports ContentMissing, StorageUnreadable and DependencyMissing distinctly (SR-040)" time="0.0554" asserts="0" success="True" result="Success" executed="True" />
              <test-case description="names the count per class in the terminating summary (SR-040)" name="Hash-recovery failure causes are distinguishable (SR-040).names the count per class in the terminating summary (SR-040)" time="0.4856" asserts="0" success="True" result="Success" executed="True" />
            </results>
          </test-suite>
          <test-suite type="TestFixture" name="Restore exit-code table (SR-040)" executed="True" result="Success" success="True" time="26.5112" asserts="0" description="Restore exit-code table (SR-040)">
            <results>
              <test-case description="returns 0 for a clean restore (SR-040)" name="Restore exit-code table (SR-040).returns 0 for a clean restore (SR-040)" time="0.9999" asserts="0" success="True" result="Success" executed="True" />
              <test-case description="returns 1 when a row only data source is gone (content class) (SR-040)" name="Restore exit-code table (SR-040).returns 1 when a row only data source is gone (content class) (SR-040)" time="1.0749" asserts="0" success="True" result="Success" executed="True" />
              <test-case description="returns 2 for a target inside the backup and for a missing manifest (SR-040)" name="Restore exit-code table (SR-040).returns 2 for a target inside the backup and for a missing manifest (SR-040)" time="1.2538" asserts="0" success="True" result="Success" executed="True" />
              <test-case description="returns 2 when a FILE occupies the target path (SR-040)" name="Restore exit-code table (SR-040).returns 2 when a FILE occupies the target path (SR-040)" time="0.9445" asserts="0" success="True" result="Success" executed="True" />
              <test-case description="returns 3 when the manifest disagrees with its witness (SR-040)" name="Restore exit-code table (SR-040).returns 3 when the manifest disagrees with its witness (SR-040)" time="0.8546" asserts="0" success="True" result="Success" executed="True" />
              <test-case description="returns 4 when hash recovery needs a 7-Zip this host lacks (host class) (SR-040)" name="Restore exit-code table (SR-040).returns 4 when hash recovery needs a 7-Zip this host lacks (host class) (SR-040)" time="0.9551" asserts="0" success="True" result="Success" executed="True" />
              <test-case description="still THROWS with the existing wording when called in-process (SR-040)" name="Restore exit-code table (SR-040).still THROWS with the existing wording when called in-process (SR-040)" time="0.3945" asserts="0" success="True" result="Success" executed="True" />
            </results>
          </test-suite>
          <test-suite type="TestFixture" name="Move loops aggregate failures (SR-041)" executed="True" result="Success" success="True" time="32.5645" asserts="0" description="Move loops aggregate failures (SR-041)">
            <results>
              <test-case description="logs an ERROR per failed move, still finalizes the snapshot, and leaves no Temp behind (SR-041)" name="Move loops aggregate failures (SR-041).logs an ERROR per failed move, still finalizes the snapshot, and leaves no Temp behind (SR-041)" time="6.035" asserts="0" success="True" result="Success" executed="True" />
            </results>
          </test-suite>
          <test-suite type="TestFixture" name="The shipped example config is executable (SR-042)" executed="True" result="Success" success="True" time="33.1253" asserts="0" description="The shipped example config is executable (SR-042)">
            <results>
              <test-case description="runs the checked-in container/FileBackup.example.json, with only its paths and 7-Zip path retargeted, to a byte-exact restore (SR-042, SR-034)" name="The shipped example config is executable (SR-042).runs the checked-in container/FileBackup.example.json, with only its paths and 7-Zip path retargeted, to a byte-exact restore (SR-042, SR-034)" time="0.54" asserts="0" success="True" result="Success" executed="True" />
            </results>
          </test-suite>
          <test-suite type="TestFixture" name="Published JSON schema matches the validator (SR-042)" executed="True" result="Success" success="True" time="33.7882" asserts="0" description="Published JSON schema matches the validator (SR-042)">
            <results>
              <test-case description="declares the shipped example, the README block, and the smoke config all at ConfigVersion 2 (the loader's current version)" name="Published JSON schema matches the validator (SR-042).declares the shipped example, the README block, and the smoke config all at ConfigVersion 2 (the loader's current version)" time="0.0054" asserts="0" success="True" result="Success" executed="True" />
              <test-suite type="ParameterizedTest" name="Published JSON schema matches the validator (SR-042).agrees with Import-BackupConfiguration on ACCEPTED shared-corpus fixture &lt;Name&gt; (SR-042)" executed="True" result="Success" success="True" time="0.1889" asserts="0" description="agrees with Import-BackupConfiguration on ACCEPTED shared-corpus fixture &lt;Name&gt; (SR-042)">
                <results>
                  <test-case description="agrees with Import-BackupConfiguration on ACCEPTED shared-corpus fixture shipped-example (SR-042)" name="Published JSON schema matches the validator (SR-042).agrees with Import-BackupConfiguration on ACCEPTED shared-corpus fixture shipped-example (SR-042)" time="0.0957" asserts="0" success="True" result="Success" executed="True" />
                  <test-case description="agrees with Import-BackupConfiguration on ACCEPTED shared-corpus fixture minimal-required-keys-only (SR-042)" name="Published JSON schema matches the validator (SR-042).agrees with Import-BackupConfiguration on ACCEPTED shared-corpus fixture minimal-required-keys-only (SR-042)" time="0.0128" asserts="0" success="True" result="Success" executed="True" />
                  <test-case description="agrees with Import-BackupConfiguration on ACCEPTED shared-corpus fixture every-optional-key-present (SR-042)" name="Published JSON schema matches the validator (SR-042).agrees with Import-BackupConfiguration on ACCEPTED shared-corpus fixture every-optional-key-present (SR-042)" time="0.0177" asserts="0" success="True" result="Success" executed="True" />
                  <test-case description="agrees with Import-BackupConfiguration on ACCEPTED shared-corpus fixture browse-view-off (SR-042)" name="Published JSON schema matches the validator (SR-042).agrees with Import-BackupConfiguration on ACCEPTED shared-corpus fixture browse-view-off (SR-042)" time="0.0125" asserts="0" success="True" result="Success" executed="True" />
                  <test-case description="agrees with Import-BackupConfiguration on ACCEPTED shared-corpus fixture lowercase-hash-recalc-freq (SR-042)" name="Published JSON schema matches the validator (SR-042).agrees with Import-BackupConfiguration on ACCEPTED shared-corpus fixture lowercase-hash-recalc-freq (SR-042)" time="0.0101" asserts="0" success="True" result="Success" executed="True" />
                  <test-case description="agrees with Import-BackupConfiguration on ACCEPTED shared-corpus fixture integral-float-config-version (SR-042)" name="Published JSON schema matches the validator (SR-042).agrees with Import-BackupConfiguration on ACCEPTED shared-corpus fixture integral-float-config-version (SR-042)" time="0.0145" asserts="0" success="True" result="Success" executed="True" />
                  <test-case description="agrees with Import-BackupConfiguration on ACCEPTED shared-corpus fixture bare-single-set-object (SR-042)" name="Published JSON schema matches the validator (SR-042).agrees with Import-BackupConfiguration on ACCEPTED shared-corpus fixture bare-single-set-object (SR-042)" time="0.012" asserts="0" success="True" result="Success" executed="True" />
                  <test-case description="agrees with Import-BackupConfiguration on ACCEPTED shared-corpus fixture two-sets-warns-but-loads (SR-042)" name="Published JSON schema matches the validator (SR-042).agrees with Import-BackupConfiguration on ACCEPTED shared-corpus fixture two-sets-warns-but-loads (SR-042)" time="0.0135" asserts="0" success="True" result="Success" executed="True" />
                </results>
              </test-suite>
              <test-suite type="ParameterizedTest" name="Published JSON schema matches the validator (SR-042).agrees with Import-BackupConfiguration on REJECTED shared-corpus fixture &lt;Name&gt; (SR-042)" executed="True" result="Success" success="True" time="0.42" asserts="0" description="agrees with Import-BackupConfiguration on REJECTED shared-corpus fixture &lt;Name&gt; (SR-042)">
                <results>
                  <test-case description="agrees with Import-BackupConfiguration on REJECTED shared-corpus fixture missing-version (SR-042)" name="Published JSON schema matches the validator (SR-042).agrees with Import-BackupConfiguration on REJECTED shared-corpus fixture missing-version (SR-042)" time="0.0179" asserts="0" success="True" result="Success" executed="True" />
                  <test-case description="agrees with Import-BackupConfiguration on REJECTED shared-corpus fixture future-version (SR-042)" name="Published JSON schema matches the validator (SR-042).agrees with Import-BackupConfiguration on REJECTED shared-corpus fixture future-version (SR-042)" time="0.0115" asserts="0" success="True" result="Success" executed="True" />
                  <test-case description="agrees with Import-BackupConfiguration on REJECTED shared-corpus fixture version-1-too-old (SR-042)" name="Published JSON schema matches the validator (SR-042).agrees with Import-BackupConfiguration on REJECTED shared-corpus fixture version-1-too-old (SR-042)" time="0.0104" asserts="0" success="True" result="Success" executed="True" />
                  <test-case description="agrees with Import-BackupConfiguration on REJECTED shared-corpus fixture out-of-range-version (SR-042)" name="Published JSON schema matches the validator (SR-042).agrees with Import-BackupConfiguration on REJECTED shared-corpus fixture out-of-range-version (SR-042)" time="0.0165" asserts="0" success="True" result="Success" executed="True" />
                  <test-case description="agrees with Import-BackupConfiguration on REJECTED shared-corpus fixture fractional-version (SR-042)" name="Published JSON schema matches the validator (SR-042).agrees with Import-BackupConfiguration on REJECTED shared-corpus fixture fractional-version (SR-042)" time="0.0113" asserts="0" success="True" result="Success" executed="True" />
                  <test-case description="agrees with Import-BackupConfiguration on REJECTED shared-corpus fixture string-version (SR-042)" name="Published JSON schema matches the validator (SR-042).agrees with Import-BackupConfiguration on REJECTED shared-corpus fixture string-version (SR-042)" time="0.0114" asserts="0" success="True" result="Success" executed="True" />
                  <test-case description="agrees with Import-BackupConfiguration on REJECTED shared-corpus fixture zero-version (SR-042)" name="Published JSON schema matches the validator (SR-042).agrees with Import-BackupConfiguration on REJECTED shared-corpus fixture zero-version (SR-042)" time="0.0129" asserts="0" success="True" result="Success" executed="True" />
                  <test-case description="agrees with Import-BackupConfiguration on REJECTED shared-corpus fixture unknown-key-top (SR-042)" name="Published JSON schema matches the validator (SR-042).agrees with Import-BackupConfiguration on REJECTED shared-corpus fixture unknown-key-top (SR-042)" time="0.0118" asserts="0" success="True" result="Success" executed="True" />
                  <test-case description="agrees with Import-BackupConfiguration on REJECTED shared-corpus fixture unknown-key-set-typo (SR-042)" name="Published JSON schema matches the validator (SR-042).agrees with Import-BackupConfiguration on REJECTED shared-corpus fixture unknown-key-set-typo (SR-042)" time="0.0124" asserts="0" success="True" result="Success" executed="True" />
                  <test-case description="agrees with Import-BackupConfiguration on REJECTED shared-corpus fixture retired-key-preserve-folder-tree (SR-042)" name="Published JSON schema matches the validator (SR-042).agrees with Import-BackupConfiguration on REJECTED shared-corpus fixture retired-key-preserve-folder-tree (SR-042)" time="0.0102" asserts="0" success="True" result="Success" executed="True" />
                  <test-case description="agrees with Import-BackupConfiguration on REJECTED shared-corpus fixture browse-view-link-reserved (SR-042)" name="Published JSON schema matches the validator (SR-042).agrees with Import-BackupConfiguration on REJECTED shared-corpus fixture browse-view-link-reserved (SR-042)" time="0.0136" asserts="0" success="True" result="Success" executed="True" />
                  <test-case description="agrees with Import-BackupConfiguration on REJECTED shared-corpus fixture browse-view-invalid (SR-042)" name="Published JSON schema matches the validator (SR-042).agrees with Import-BackupConfiguration on REJECTED shared-corpus fixture browse-view-invalid (SR-042)" time="0.0107" asserts="0" success="True" result="Success" executed="True" />
                  <test-case description="agrees with Import-BackupConfiguration on REJECTED shared-corpus fixture browse-view-wrong-case (SR-042)" name="Published JSON schema matches the validator (SR-042).agrees with Import-BackupConfiguration on REJECTED shared-corpus fixture browse-view-wrong-case (SR-042)" time="0.0223" asserts="0" success="True" result="Success" executed="True" />
                  <test-case description="agrees with Import-BackupConfiguration on REJECTED shared-corpus fixture number-browse-view (SR-042)" name="Published JSON schema matches the validator (SR-042).agrees with Import-BackupConfiguration on REJECTED shared-corpus fixture number-browse-view (SR-042)" time="0.0112" asserts="0" success="True" result="Success" executed="True" />
                  <test-case description="agrees with Import-BackupConfiguration on REJECTED shared-corpus fixture number-view-path (SR-042)" name="Published JSON schema matches the validator (SR-042).agrees with Import-BackupConfiguration on REJECTED shared-corpus fixture number-view-path (SR-042)" time="0.0126" asserts="0" success="True" result="Success" executed="True" />
                  <test-case description="agrees with Import-BackupConfiguration on REJECTED shared-corpus fixture unknown-key-tools (SR-042)" name="Published JSON schema matches the validator (SR-042).agrees with Import-BackupConfiguration on REJECTED shared-corpus fixture unknown-key-tools (SR-042)" time="0.0103" asserts="0" success="True" result="Success" executed="True" />
                  <test-case description="agrees with Import-BackupConfiguration on REJECTED shared-corpus fixture json-credential (SR-042)" name="Published JSON schema matches the validator (SR-042).agrees with Import-BackupConfiguration on REJECTED shared-corpus fixture json-credential (SR-042)" time="0.012" asserts="0" success="True" result="Success" executed="True" />
                  <test-case description="agrees with Import-BackupConfiguration on REJECTED shared-corpus fixture string-boolean-compress-enabled (SR-042)" name="Published JSON schema matches the validator (SR-042).agrees with Import-BackupConfiguration on REJECTED shared-corpus fixture string-boolean-compress-enabled (SR-042)" time="0.0106" asserts="0" success="True" result="Success" executed="True" />
                  <test-case description="agrees with Import-BackupConfiguration on REJECTED shared-corpus fixture string-boolean-allow-empty-source (SR-042)" name="Published JSON schema matches the validator (SR-042).agrees with Import-BackupConfiguration on REJECTED shared-corpus fixture string-boolean-allow-empty-source (SR-042)" time="0.0116" asserts="0" success="True" result="Success" executed="True" />
                  <test-case description="agrees with Import-BackupConfiguration on REJECTED shared-corpus fixture array-source-path (SR-042)" name="Published JSON schema matches the validator (SR-042).agrees with Import-BackupConfiguration on REJECTED shared-corpus fixture array-source-path (SR-042)" time="0.0103" asserts="0" success="True" result="Success" executed="True" />
                  <test-case description="agrees with Import-BackupConfiguration on REJECTED shared-corpus fixture number-name (SR-042)" name="Published JSON schema matches the validator (SR-042).agrees with Import-BackupConfiguration on REJECTED shared-corpus fixture number-name (SR-042)" time="0.0117" asserts="0" success="True" result="Success" executed="True" />
                  <test-case description="agrees with Import-BackupConfiguration on REJECTED shared-corpus fixture number-source-state-path (SR-042)" name="Published JSON schema matches the validator (SR-042).agrees with Import-BackupConfiguration on REJECTED shared-corpus fixture number-source-state-path (SR-042)" time="0.0169" asserts="0" success="True" result="Success" executed="True" />
                  <test-case description="agrees with Import-BackupConfiguration on REJECTED shared-corpus fixture number-tools-seven-zip-path (SR-042)" name="Published JSON schema matches the validator (SR-042).agrees with Import-BackupConfiguration on REJECTED shared-corpus fixture number-tools-seven-zip-path (SR-042)" time="0.0117" asserts="0" success="True" result="Success" executed="True" />
                  <test-case description="agrees with Import-BackupConfiguration on REJECTED shared-corpus fixture array-hash-recalc-freq (SR-042)" name="Published JSON schema matches the validator (SR-042).agrees with Import-BackupConfiguration on REJECTED shared-corpus fixture array-hash-recalc-freq (SR-042)" time="0.0126" asserts="0" success="True" result="Success" executed="True" />
                  <test-case description="agrees with Import-BackupConfiguration on REJECTED shared-corpus fixture number-secrets-to-email (SR-042)" name="Published JSON schema matches the validator (SR-042).agrees with Import-BackupConfiguration on REJECTED shared-corpus fixture number-secrets-to-email (SR-042)" time="0.0135" asserts="0" success="True" result="Success" executed="True" />
                  <test-case description="agrees with Import-BackupConfiguration on REJECTED shared-corpus fixture non-integer-smtp-port (SR-042)" name="Published JSON schema matches the validator (SR-042).agrees with Import-BackupConfiguration on REJECTED shared-corpus fixture non-integer-smtp-port (SR-042)" time="0.0129" asserts="0" success="True" result="Success" executed="True" />
                  <test-case description="agrees with Import-BackupConfiguration on REJECTED shared-corpus fixture string-backup-sets (SR-042)" name="Published JSON schema matches the validator (SR-042).agrees with Import-BackupConfiguration on REJECTED shared-corpus fixture string-backup-sets (SR-042)" time="0.0145" asserts="0" success="True" result="Success" executed="True" />
                  <test-case description="agrees with Import-BackupConfiguration on REJECTED shared-corpus fixture bad-enum-hash-recalc-freq (SR-042)" name="Published JSON schema matches the validator (SR-042).agrees with Import-BackupConfiguration on REJECTED shared-corpus fixture bad-enum-hash-recalc-freq (SR-042)" time="0.0111" asserts="0" success="True" result="Success" executed="True" />
                  <test-case description="agrees with Import-BackupConfiguration on REJECTED shared-corpus fixture empty-backup-sets (SR-042)" name="Published JSON schema matches the validator (SR-042).agrees with Import-BackupConfiguration on REJECTED shared-corpus fixture empty-backup-sets (SR-042)" time="0.014" asserts="0" success="True" result="Success" executed="True" />
                  <test-case description="agrees with Import-BackupConfiguration on REJECTED shared-corpus fixture missing-change-path (SR-042)" name="Published JSON schema matches the validator (SR-042).agrees with Import-BackupConfiguration on REJECTED shared-corpus fixture missing-change-path (SR-042)" time="0.0106" asserts="0" success="True" result="Success" executed="True" />
                  <test-case description="agrees with Import-BackupConfiguration on REJECTED shared-corpus fixture empty-source-path (SR-042)" name="Published JSON schema matches the validator (SR-042).agrees with Import-BackupConfiguration on REJECTED shared-corpus fixture empty-source-path (SR-042)" time="0.0142" asserts="0" success="True" result="Success" executed="True" />
                  <test-case description="agrees with Import-BackupConfiguration on REJECTED shared-corpus fixture missing-compress-enabled (SR-042)" name="Published JSON schema matches the validator (SR-042).agrees with Import-BackupConfiguration on REJECTED shared-corpus fixture missing-compress-enabled (SR-042)" time="0.0129" asserts="0" success="True" result="Success" executed="True" />
                  <test-case description="agrees with Import-BackupConfiguration on REJECTED shared-corpus fixture not-json-at-all (SR-042)" name="Published JSON schema matches the validator (SR-042).agrees with Import-BackupConfiguration on REJECTED shared-corpus fixture not-json-at-all (SR-042)" time="0.012" asserts="0" success="True" result="Success" executed="True" />
                </results>
              </test-suite>
            </results>
          </test-suite>
          <test-suite type="TestFixture" name="Entry-point status codes (SR-043)" executed="True" result="Success" success="True" time="47.541" asserts="0" description="Entry-point status codes (SR-043)">
            <results>
              <test-case description="returns 2 for a schema-violating config under -ExitCode, creating no backup artifacts" name="Entry-point status codes (SR-043).returns 2 for a schema-violating config under -ExitCode, creating no backup artifacts" time="0.4877" asserts="0" success="True" result="Success" executed="True" />
              <test-case description="returns 2 for a MISSING config file under -ExitCode (the likeliest container misconfiguration: retrying will not help) (SR-043)" name="Entry-point status codes (SR-043).returns 2 for a MISSING config file under -ExitCode (the likeliest container misconfiguration: retrying will not help) (SR-043)" time="0.4452" asserts="0" success="True" result="Success" executed="True" />
              <test-case description="returns 2 for an unreadable/unsupported config extension under -ExitCode (SR-043)" name="Entry-point status codes (SR-043).returns 2 for an unreadable/unsupported config extension under -ExitCode (SR-043)" time="0.4908" asserts="0" success="True" result="Success" executed="True" />
              <test-case description="a REFUSED config creates no artifacts and never truncates the previous run's global log (SR-042, SR-043)" name="Entry-point status codes (SR-043).a REFUSED config creates no artifacts and never truncates the previous run's global log (SR-042, SR-043)" time="1.0385" asserts="0" success="True" result="Success" executed="True" />
              <test-case description="returns 1 when the one backup set fails, under -ExitCode" name="Entry-point status codes (SR-043).returns 1 when the one backup set fails, under -ExitCode" time="2.1401" asserts="0" success="True" result="Success" executed="True" />
              <test-case description="returns 0 for a clean single-set run under -ExitCode" name="Entry-point status codes (SR-043).returns 0 for a clean single-set run under -ExitCode" time="2.6944" asserts="0" success="True" result="Success" executed="True" />
              <test-case description="without -ExitCode returns the pre-WP2 codes: a bad config still exits non-zero (1, not 2), a failed set still exits 1, a clean run still exits 0" name="Entry-point status codes (SR-043).without -ExitCode returns the pre-WP2 codes: a bad config still exits non-zero (1, not 2), a failed set still exits 1, a clean run still exits 0" time="5.4859" asserts="0" success="True" result="Success" executed="True" />
              <test-case description="still throws for a bad config when invoked in-process without -ExitCode" name="Entry-point status codes (SR-043).still throws for a bad config when invoked in-process without -ExitCode" time="0.0329" asserts="0" success="True" result="Success" executed="True" />
              <test-case description="a two-set JSON config logs the IF-001 one-set-per-invocation warning while still processing both sets" name="Entry-point status codes (SR-043).a two-set JSON config logs the IF-001 one-set-per-invocation warning while still processing both sets" time="0.8551" asserts="0" success="True" result="Success" executed="True" />
            </results>
          </test-suite>
          <test-suite type="TestFixture" name="Optimize-ChangeFolders is unchanged by the shared index (SR-026)" executed="True" result="Success" success="True" time="47.7336" asserts="0" description="Optimize-ChangeFolders is unchanged by the shared index (SR-026)">
            <results>
              <test-case description="keeps the backup copy, elects the newest snapshot without one, blanks vanished rows, and leaves one physical copy per key (SR-026)" name="Optimize-ChangeFolders is unchanged by the shared index (SR-026).keeps the backup copy, elects the newest snapshot without one, blanks vanished rows, and leaves one physical copy per key (SR-026)" time="0.1446" asserts="0" success="True" result="Success" executed="True" />
              <test-case description="does nothing when the change root has no snapshot folders (SR-026)" name="Optimize-ChangeFolders is unchanged by the shared index (SR-026).does nothing when the change root has no snapshot folders (SR-026)" time="0.026" asserts="0" success="True" result="Success" executed="True" />
            </results>
          </test-suite>
          <test-suite type="TestFixture" name="Snapshot inventory reports true dedup-aware reclaim (SR-047)" executed="True" result="Success" success="True" time="53.8092" asserts="0" description="Snapshot inventory reports true dedup-aware reclaim (SR-047)">
            <results>
              <test-case description="reports one record per snapshot with all six fields, and modifies nothing (SR-047)" name="Snapshot inventory reports true dedup-aware reclaim (SR-047).reports one record per snapshot with all six fields, and modifies nothing (SR-047)" time="1.8719" asserts="0" success="True" result="Success" executed="True" />
              <test-case description="serializes to one JSON object per snapshot carrying all six fields (SR-047)" name="Snapshot inventory reports true dedup-aware reclaim (SR-047).serializes to one JSON object per snapshot carrying all six fields (SR-047)" time="1.5152" asserts="0" success="True" result="Success" executed="True" />
              <test-case description="costs nothing to prune the OLDEST snapshot and reports the newest's re-home cost (SR-045, SR-047)" name="Snapshot inventory reports true dedup-aware reclaim (SR-047).costs nothing to prune the OLDEST snapshot and reports the newest's re-home cost (SR-045, SR-047)" time="1.3358" asserts="0" success="True" result="Success" executed="True" />
              <test-case description="refuses an unknown snapshot name with code 2 and no plan (SR-046)" name="Snapshot inventory reports true dedup-aware reclaim (SR-047).refuses an unknown snapshot name with code 2 and no plan (SR-046)" time="1.2634" asserts="0" success="True" result="Success" executed="True" />
            </results>
          </test-suite>
          <test-suite type="TestFixture" name="Prune refuses before mutating (SR-046)" executed="True" result="Success" success="True" time="82.305" asserts="0" description="Prune refuses before mutating (SR-046)">
            <results>
              <test-case description="accepts a healthy store with no refusals at all (SR-046)" name="Prune refuses before mutating (SR-046).accepts a healthy store with no refusals at all (SR-046)" time="1.4092" asserts="0" success="True" result="Success" executed="True" />
              <test-case description="-AllowUnverifiedIndex converts the absent-witness refusal into a go (SR-046)" name="Prune refuses before mutating (SR-046).-AllowUnverifiedIndex converts the absent-witness refusal into a go (SR-046)" time="1.3966" asserts="0" success="True" result="Success" executed="True" />
              <test-case description="-DiscardUnreferencedData converts the unexplained-bytes refusal into a go (SR-046)" name="Prune refuses before mutating (SR-046).-DiscardUnreferencedData converts the unexplained-bytes refusal into a go (SR-046)" time="1.4013" asserts="0" success="True" result="Success" executed="True" />
              <test-case description="still refuses a mismatched witness when -AllowUnverifiedIndex is passed (absent is not damaged) (SR-039)" name="Prune refuses before mutating (SR-046).still refuses a mismatched witness when -AllowUnverifiedIndex is passed (absent is not damaged) (SR-039)" time="1.301" asserts="0" success="True" result="Success" executed="True" />
              <test-case description="skips the capacity rail when the volume cannot be measured, rather than refusing (SR-052)" name="Prune refuses before mutating (SR-046).skips the capacity rail when the volume cannot be measured, rather than refusing (SR-052)" time="0.0125" asserts="0" success="True" result="Success" executed="True" />
              <test-case description="neither probe fails on a UNC or rooted path, where Split-Path -Qualifier cannot answer (AGENTS.md 4)" name="Prune refuses before mutating (SR-046).neither probe fails on a UNC or rooted path, where Split-Path -Qualifier cannot answer (AGENTS.md 4)" time="2.7225" asserts="0" success="True" result="Success" executed="True" />
              <test-case description="the whole precondition set refuses on capacity against a real store, mutating nothing (SR-046)" name="Prune refuses before mutating (SR-046).the whole precondition set refuses on capacity against a real store, mutating nothing (SR-046)" time="1.4017" asserts="0" success="True" result="Success" executed="True" />
              <test-case description="proves the surviving pool resolves with the target excluded, and does not without a re-home (SR-046)" name="Prune refuses before mutating (SR-046).proves the surviving pool resolves with the target excluded, and does not without a re-home (SR-046)" time="1.2788" asserts="0" success="True" result="Success" executed="True" />
              <test-suite type="ParameterizedTest" name="Prune refuses before mutating (SR-046).refuses &lt;Kind&gt; with code &lt;Code&gt;, leaving the store byte-identical (SR-046, SR-040)" executed="True" result="Success" success="True" time="17.0307" asserts="0" description="refuses &lt;Kind&gt; with code &lt;Code&gt;, leaving the store byte-identical (SR-046, SR-040)">
                <results>
                  <test-case description="refuses bad-target with code 2, leaving the store byte-identical (SR-046, SR-040)" name="Prune refuses before mutating (SR-046).refuses bad-target with code 2, leaving the store byte-identical (SR-046, SR-040)" time="1.39" asserts="0" success="True" result="Success" executed="True" />
                  <test-case description="refuses bad-target with code 2, leaving the store byte-identical (SR-046, SR-040)" name="Prune refuses before mutating (SR-046).refuses bad-target with code 2, leaving the store byte-identical (SR-046, SR-040)" time="1.3457" asserts="0" success="True" result="Success" executed="True" />
                  <test-case description="refuses run-state with code 2, leaving the store byte-identical (SR-046, SR-040)" name="Prune refuses before mutating (SR-046).refuses run-state with code 2, leaving the store byte-identical (SR-046, SR-040)" time="1.385" asserts="0" success="True" result="Success" executed="True" />
                  <test-case description="refuses staging-busy with code 2, leaving the store byte-identical (SR-046, SR-040)" name="Prune refuses before mutating (SR-046).refuses staging-busy with code 2, leaving the store byte-identical (SR-046, SR-040)" time="1.4139" asserts="0" success="True" result="Success" executed="True" />
                  <test-case description="refuses unreferenced-data with code 2, leaving the store byte-identical (SR-046, SR-040)" name="Prune refuses before mutating (SR-046).refuses unreferenced-data with code 2, leaving the store byte-identical (SR-046, SR-040)" time="1.3969" asserts="0" success="True" result="Success" executed="True" />
                  <test-case description="refuses broken-pool with code 2, leaving the store byte-identical (SR-046, SR-040)" name="Prune refuses before mutating (SR-046).refuses broken-pool with code 2, leaving the store byte-identical (SR-046, SR-040)" time="1.4591" asserts="0" success="True" result="Success" executed="True" />
                  <test-case description="refuses form-mismatch with code 2, leaving the store byte-identical (SR-046, SR-040)" name="Prune refuses before mutating (SR-046).refuses form-mismatch with code 2, leaving the store byte-identical (SR-046, SR-040)" time="1.4747" asserts="0" success="True" result="Success" executed="True" />
                  <test-case description="refuses witness-mismatch with code 3, leaving the store byte-identical (SR-046, SR-040)" name="Prune refuses before mutating (SR-046).refuses witness-mismatch with code 3, leaving the store byte-identical (SR-046, SR-040)" time="1.367" asserts="0" success="True" result="Success" executed="True" />
                  <test-case description="refuses witness-absent with code 3, leaving the store byte-identical (SR-046, SR-040)" name="Prune refuses before mutating (SR-046).refuses witness-absent with code 3, leaving the store byte-identical (SR-046, SR-040)" time="1.3825" asserts="0" success="True" result="Success" executed="True" />
                  <test-case description="refuses no-7zip with code 2, leaving the store byte-identical (SR-046, SR-040)" name="Prune refuses before mutating (SR-046).refuses no-7zip with code 2, leaving the store byte-identical (SR-046, SR-040)" time="1.5805" asserts="0" success="True" result="Success" executed="True" />
                  <test-case description="refuses destination-collision with code 2, leaving the store byte-identical (SR-046, SR-040)" name="Prune refuses before mutating (SR-046).refuses destination-collision with code 2, leaving the store byte-identical (SR-046, SR-040)" time="1.4261" asserts="0" success="True" result="Success" executed="True" />
                  <test-case description="refuses infrastructure-name with code 2, leaving the store byte-identical (SR-046, SR-040)" name="Prune refuses before mutating (SR-046).refuses infrastructure-name with code 2, leaving the store byte-identical (SR-046, SR-040)" time="1.4094" asserts="0" success="True" result="Success" executed="True" />
                </results>
              </test-suite>
              <test-suite type="ParameterizedTest" name="Prune refuses before mutating (SR-046).refuses with code 2 when a destination volume lacks room, on &lt;Shape&gt; paths (SR-046, SR-052)" executed="True" result="Success" success="True" time="0.1576" asserts="0" description="refuses with code 2 when a destination volume lacks room, on &lt;Shape&gt; paths (SR-046, SR-052)">
                <results>
                  <test-case description="refuses with code 2 when a destination volume lacks room, on drive-qualified paths (SR-046, SR-052)" name="Prune refuses before mutating (SR-046).refuses with code 2 when a destination volume lacks room, on drive-qualified paths (SR-046, SR-052)" time="0.1316" asserts="0" success="True" result="Success" executed="True" />
                  <test-case description="refuses with code 2 when a destination volume lacks room, on UNC paths (SR-046, SR-052)" name="Prune refuses before mutating (SR-046).refuses with code 2 when a destination volume lacks room, on UNC paths (SR-046, SR-052)" time="0.026" asserts="0" success="True" result="Success" executed="True" />
                </results>
              </test-suite>
            </results>
          </test-suite>
          <test-suite type="TestFixture" name="Prune re-homes the last copy before deleting (SR-045)" executed="True" result="Success" success="True" time="90.9316" asserts="0" description="Prune re-homes the last copy before deleting (SR-045)">
            <results>
              <test-case description="copies nothing when the target endangers nothing, and still removes it (SR-045)" name="Prune re-homes the last copy before deleting (SR-045).copies nothing when the target endangers nothing, and still removes it (SR-045)" time="1.3545" asserts="0" success="True" result="Success" executed="True" />
              <test-case description="-WhatIf runs the full preflight, mutates nothing, and reports what the real run then achieves (SR-046)" name="Prune re-homes the last copy before deleting (SR-045).-WhatIf runs the full preflight, mutates nothing, and reports what the real run then achieves (SR-046)" time="1.5006" asserts="0" success="True" result="Success" executed="True" />
              <test-case description="removes the LAST remaining snapshot without refusing (SR-045)" name="Prune re-homes the last copy before deleting (SR-045).removes the LAST remaining snapshot without refusing (SR-045)" time="1.5081" asserts="0" success="True" result="Success" executed="True" />
              <test-suite type="ParameterizedTest" name="Prune re-homes the last copy before deleting (SR-045).in &lt;Mode&gt; re-homes the endangered bytes and every remaining state still restores byte-exact (SR-045)" executed="True" result="Success" success="True" time="4.1596" asserts="0" description="in &lt;Mode&gt; re-homes the endangered bytes and every remaining state still restores byte-exact (SR-045)">
                <results>
                  <test-case description="in Plain re-homes the endangered bytes and every remaining state still restores byte-exact (SR-045)" name="Prune re-homes the last copy before deleting (SR-045).in Plain re-homes the endangered bytes and every remaining state still restores byte-exact (SR-045)" time="1.6803" asserts="0" success="True" result="Success" executed="True" />
                  <test-case description="in Compress re-homes the endangered bytes and every remaining state still restores byte-exact (SR-045)" name="Prune re-homes the last copy before deleting (SR-045).in Compress re-homes the endangered bytes and every remaining state still restores byte-exact (SR-045)" time="2.4793" asserts="0" success="True" result="Success" executed="True" />
                </results>
              </test-suite>
            </results>
          </test-suite>
          <test-suite type="TestFixture" name="Prune changes only the storage-form columns (SR-045)" executed="True" result="Success" success="True" time="94.0669" asserts="0" description="Prune changes only the storage-form columns (SR-045)">
            <results>
              <test-suite type="ParameterizedTest" name="Prune changes only the storage-form columns (SR-045).in &lt;Mode&gt; leaves the row sets and the six logical columns identical (SR-045)" executed="True" result="Success" success="True" time="3.0956" asserts="0" description="in &lt;Mode&gt; leaves the row sets and the six logical columns identical (SR-045)">
                <results>
                  <test-case description="in Plain leaves the row sets and the six logical columns identical (SR-045)" name="Prune changes only the storage-form columns (SR-045).in Plain leaves the row sets and the six logical columns identical (SR-045)" time="1.4128" asserts="0" success="True" result="Success" executed="True" />
                  <test-case description="in Compress leaves the row sets and the six logical columns identical (SR-045)" name="Prune changes only the storage-form columns (SR-045).in Compress leaves the row sets and the six logical columns identical (SR-045)" time="1.6828" asserts="0" success="True" result="Success" executed="True" />
                </results>
              </test-suite>
            </results>
          </test-suite>
          <test-suite type="TestFixture" name="Prune re-stamps every manifest it rewrites (SR-038)" executed="True" result="Success" success="True" time="98.1829" asserts="0" description="Prune re-stamps every manifest it rewrites (SR-038)">
            <results>
              <test-case description="the prune path calls neither Export-Csv nor Write-ManifestWitness directly (SR-038)" name="Prune re-stamps every manifest it rewrites (SR-038).the prune path calls neither Export-Csv nor Write-ManifestWitness directly (SR-038)" time="0.1083" asserts="0" success="True" result="Success" executed="True" />
              <test-suite type="ParameterizedTest" name="Prune re-stamps every manifest it rewrites (SR-038).leaves every pool manifest Verified after re-homing into &lt;Destination&gt;" executed="True" result="Success" success="True" time="3.9558" asserts="0" description="leaves every pool manifest Verified after re-homing into &lt;Destination&gt;">
                <results>
                  <test-case description="leaves every pool manifest Verified after re-homing into snapshot" name="Prune re-stamps every manifest it rewrites (SR-038).leaves every pool manifest Verified after re-homing into snapshot" time="1.6276" asserts="0" success="True" result="Success" executed="True" />
                  <test-case description="leaves every pool manifest Verified after re-homing into backup-root" name="Prune re-stamps every manifest it rewrites (SR-038).leaves every pool manifest Verified after re-homing into backup-root" time="2.3282" asserts="0" success="True" result="Success" executed="True" />
                </results>
              </test-suite>
            </results>
          </test-suite>
          <test-suite type="TestFixture" name="Prune reports host I/O as code 4 before the commit point (SR-046, SR-040)" executed="True" result="Success" success="True" time="101.1977" asserts="0" description="Prune reports host I/O as code 4 before the commit point (SR-046, SR-040)">
            <results>
              <test-case description="aborts with code 4 when the source data file cannot be read, losing nothing" name="Prune reports host I/O as code 4 before the commit point (SR-046, SR-040).aborts with code 4 when the source data file cannot be read, losing nothing" time="1.5974" asserts="0" success="True" result="Success" executed="True" />
              <test-case description="collapses a batch to the worst code by the 2 &gt; 3 &gt; 4 &gt; 1 precedence (SR-040)" name="Prune reports host I/O as code 4 before the commit point (SR-046, SR-040).collapses a batch to the worst code by the 2 &gt; 3 &gt; 4 &gt; 1 precedence (SR-040)" time="0.0046" asserts="0" success="True" result="Success" executed="True" />
              <test-case description="refuses a batch member without touching the ones that already succeeded (SR-046)" name="Prune reports host I/O as code 4 before the commit point (SR-046, SR-040).refuses a batch member without touching the ones that already succeeded (SR-046)" time="1.3761" asserts="0" success="True" result="Success" executed="True" />
            </results>
          </test-suite>
          <test-suite type="TestFixture" name="Reported reclaim equals measured reclaim (SR-047)" executed="True" result="Success" success="True" time="102.6653" asserts="0" description="Reported reclaim equals measured reclaim (SR-047)">
            <results>
              <test-case description="matches the measured whole-store drop and the measured copied bytes" name="Reported reclaim equals measured reclaim (SR-047).matches the measured whole-store drop and the measured copied bytes" time="1.4485" asserts="0" success="True" result="Success" executed="True" />
            </results>
          </test-suite>
          <test-suite type="TestFixture" name="Prune is idempotent and resumable (SR-046)" executed="True" result="Success" success="True" time="108.3277" asserts="0" description="Prune is idempotent and resumable (SR-046)">
            <results>
              <test-case description="interrupted after the copy: the staged file is invisible, and re-running completes and sweeps it" name="Prune is idempotent and resumable (SR-046).interrupted after the copy: the staged file is invisible, and re-running completes and sweeps it" time="2.0155" asserts="0" success="True" result="Success" executed="True" />
              <test-case description="interrupted after the manifest publish: the pool is redundant, and re-running completes it" name="Prune is idempotent and resumable (SR-046).interrupted after the manifest publish: the pool is redundant, and re-running completes it" time="1.8849" asserts="0" success="True" result="Success" executed="True" />
              <test-case description="interrupted after the commit rename: the folder is invisible to every consumer, and the next run sweeps it" name="Prune is idempotent and resumable (SR-046).interrupted after the commit rename: the folder is invisible to every consumer, and the next run sweeps it" time="1.6635" asserts="0" success="True" result="Success" executed="True" />
            </results>
          </test-suite>
          <test-suite type="TestFixture" name="The entry sweep removes residue only, never user content (SR-046)" executed="True" result="Success" success="True" time="111.4265" asserts="0" description="The entry sweep removes residue only, never user content (SR-046)">
            <results>
              <test-case description="a user file named *.fbprune.tmp survives refusal, dry run and a real prune, and still restores byte-exact" name="The entry sweep removes residue only, never user content (SR-046).a user file named *.fbprune.tmp survives refusal, dry run and a real prune, and still restores byte-exact" time="1.7691" asserts="0" success="True" result="Success" executed="True" />
              <test-case description="still sweeps a genuine staged copy sitting beside the user file in the same folder" name="The entry sweep removes residue only, never user content (SR-046).still sweeps a genuine staged copy sitting beside the user file in the same folder" time="1.279" asserts="0" success="True" result="Success" executed="True" />
            </results>
          </test-suite>
          <test-suite type="TestFixture" name="Prune mutates only inside the transaction (SR-046)" executed="True" result="Success" success="True" time="118.1282" asserts="0" description="Prune mutates only inside the transaction (SR-046)">
            <results>
              <test-case description="a refused prune leaves an interrupted run's residue exactly where it was" name="Prune mutates only inside the transaction (SR-046).a refused prune leaves an interrupted run's residue exactly where it was" time="1.2063" asserts="0" success="True" result="Success" executed="True" />
              <test-case description="-WhatIf sweeps nothing and reports nothing it did not do" name="Prune mutates only inside the transaction (SR-046).-WhatIf sweeps nothing and reports nothing it did not do" time="1.3851" asserts="0" success="True" result="Success" executed="True" />
              <test-case description="classifies an undeletable committed residue as the retriable code 4, not an unclassified throw" name="Prune mutates only inside the transaction (SR-046).classifies an undeletable committed residue as the retriable code 4, not an unclassified throw" time="1.2897" asserts="0" success="True" result="Success" executed="True" />
              <test-case description="completes the outstanding deletion of the SAME name only, and no other" name="Prune mutates only inside the transaction (SR-046).completes the outstanding deletion of the SAME name only, and no other" time="1.3794" asserts="0" success="True" result="Success" executed="True" />
              <test-case description="takes the Temp lock by CREATING it, so a folder appearing after the rails refuses with staging-busy (2)" name="Prune mutates only inside the transaction (SR-046).takes the Temp lock by CREATING it, so a folder appearing after the rails refuses with staging-busy (2)" time="1.277" asserts="0" success="True" result="Success" executed="True" />
              <test-case description="creates the staging lock without -Force, so creation IS the atomic test (source guard)" name="Prune mutates only inside the transaction (SR-046).creates the staging lock without -Force, so creation IS the atomic test (source guard)" time="0.0514" asserts="0" success="True" result="Success" executed="True" />
            </results>
          </test-suite>
          <test-suite type="TestFixture" name="Retention at the entry point and the container boundary (SR-048)" executed="True" result="Success" success="True" time="143.5549" asserts="0" description="Retention at the entry point and the container boundary (SR-048)">
            <results>
              <test-case description="exposes -Action Backup|Prune|Snapshots|Verify|View (default Backup) and -Snapshot as a string list" name="Retention at the entry point and the container boundary (SR-048).exposes -Action Backup|Prune|Snapshots|Verify|View (default Backup) and -Snapshot as a string list" time="0.0147" asserts="0" success="True" result="Success" executed="True" />
              <test-case description="prints the inventory as parseable JSON, exits 0 and modifies nothing (-Action Snapshots)" name="Retention at the entry point and the container boundary (SR-048).prints the inventory as parseable JSON, exits 0 and modifies nothing (-Action Snapshots)" time="3.5757" asserts="0" success="True" result="Success" executed="True" />
[...]
                  <test-case description="repairs every unambiguous finding and re-verifies clean, in mode Plain (SR-049)" name="Storage-form repair makes the index agree with the bytes (SR-049).repairs every unambiguous finding and re-verifies clean, in mode Plain (SR-049)" time="0.5231" asserts="0" success="True" result="Success" executed="True" />
                  <test-case description="repairs every unambiguous finding and re-verifies clean, in mode Compress (SR-049)" name="Storage-form repair makes the index agree with the bytes (SR-049).repairs every unambiguous finding and re-verifies clean, in mode Compress (SR-049)" time="0.6469" asserts="0" success="True" result="Success" executed="True" />
                </results>
              </test-suite>
            </results>
          </test-suite>
          <test-suite type="TestFixture" name="The already-compressed extension list is one list (SR-004)" executed="True" result="Success" success="True" time="42.8254" asserts="0" description="The already-compressed extension list is one list (SR-004)">
            <results>
              <test-case description="still compresses SN-003's acceptance-line extensions (SR-004, SN-003)" name="The already-compressed extension list is one list (SR-004).still compresses SN-003's acceptance-line extensions (SR-004, SN-003)" time="0.0049" asserts="0" success="True" result="Success" executed="True" />
              <test-case description="is defined in exactly one place, and README quotes that definition (SR-004)" name="The already-compressed extension list is one list (SR-004).is defined in exactly one place, and README quotes that definition (SR-004)" time="0.0159" asserts="0" success="True" result="Success" executed="True" />
              <test-suite type="ParameterizedTest" name="The already-compressed extension list is one list (SR-004).declines to compress &lt;Ext&gt; (SR-004)" executed="True" result="Success" success="True" time="0.0578" asserts="0" description="declines to compress &lt;Ext&gt; (SR-004)">
                <results>
                  <test-case description="declines to compress .zip (SR-004)" name="The already-compressed extension list is one list (SR-004).declines to compress .zip (SR-004)" time="0.0064" asserts="0" success="True" result="Success" executed="True" />
                  <test-case description="declines to compress .7z (SR-004)" name="The already-compressed extension list is one list (SR-004).declines to compress .7z (SR-004)" time="0.0017" asserts="0" success="True" result="Success" executed="True" />
                  <test-case description="declines to compress .rar (SR-004)" name="The already-compressed extension list is one list (SR-004).declines to compress .rar (SR-004)" time="0.0018" asserts="0" success="True" result="Success" executed="True" />
                  <test-case description="declines to compress .gz (SR-004)" name="The already-compressed extension list is one list (SR-004).declines to compress .gz (SR-004)" time="0.002" asserts="0" success="True" result="Success" executed="True" />
                  <test-case description="declines to compress .bz2 (SR-004)" name="The already-compressed extension list is one list (SR-004).declines to compress .bz2 (SR-004)" time="0.0047" asserts="0" success="True" result="Success" executed="True" />
                  <test-case description="declines to compress .xz (SR-004)" name="The already-compressed extension list is one list (SR-004).declines to compress .xz (SR-004)" time="0.0018" asserts="0" success="True" result="Success" executed="True" />
                  <test-case description="declines to compress .mp4 (SR-004)" name="The already-compressed extension list is one list (SR-004).declines to compress .mp4 (SR-004)" time="0.0017" asserts="0" success="True" result="Success" executed="True" />
                  <test-case description="declines to compress .mkv (SR-004)" name="The already-compressed extension list is one list (SR-004).declines to compress .mkv (SR-004)" time="0.0018" asserts="0" success="True" result="Success" executed="True" />
                  <test-case description="declines to compress .mov (SR-004)" name="The already-compressed extension list is one list (SR-004).declines to compress .mov (SR-004)" time="0.002" asserts="0" success="True" result="Success" executed="True" />
                  <test-case description="declines to compress .avi (SR-004)" name="The already-compressed extension list is one list (SR-004).declines to compress .avi (SR-004)" time="0.0019" asserts="0" success="True" result="Success" executed="True" />
                  <test-case description="declines to compress .mp3 (SR-004)" name="The already-compressed extension list is one list (SR-004).declines to compress .mp3 (SR-004)" time="0.0022" asserts="0" success="True" result="Success" executed="True" />
                  <test-case description="declines to compress .aac (SR-004)" name="The already-compressed extension list is one list (SR-004).declines to compress .aac (SR-004)" time="0.0022" asserts="0" success="True" result="Success" executed="True" />
                  <test-case description="declines to compress .flac (SR-004)" name="The already-compressed extension list is one list (SR-004).declines to compress .flac (SR-004)" time="0.0018" asserts="0" success="True" result="Success" executed="True" />
                  <test-case description="declines to compress .jpg (SR-004)" name="The already-compressed extension list is one list (SR-004).declines to compress .jpg (SR-004)" time="0.0017" asserts="0" success="True" result="Success" executed="True" />
                  <test-case description="declines to compress .jpeg (SR-004)" name="The already-compressed extension list is one list (SR-004).declines to compress .jpeg (SR-004)" time="0.0021" asserts="0" success="True" result="Success" executed="True" />
                  <test-case description="declines to compress .png (SR-004)" name="The already-compressed extension list is one list (SR-004).declines to compress .png (SR-004)" time="0.0018" asserts="0" success="True" result="Success" executed="True" />
                  <test-case description="declines to compress .webp (SR-004)" name="The already-compressed extension list is one list (SR-004).declines to compress .webp (SR-004)" time="0.0018" asserts="0" success="True" result="Success" executed="True" />
                  <test-case description="declines to compress .jar (SR-004)" name="The already-compressed extension list is one list (SR-004).declines to compress .jar (SR-004)" time="0.002" asserts="0" success="True" result="Success" executed="True" />
                  <test-case description="declines to compress .tgz (SR-004)" name="The already-compressed extension list is one list (SR-004).declines to compress .tgz (SR-004)" time="0.0017" asserts="0" success="True" result="Success" executed="True" />
                  <test-case description="declines to compress .zst (SR-004)" name="The already-compressed extension list is one list (SR-004).declines to compress .zst (SR-004)" time="0.0023" asserts="0" success="True" result="Success" executed="True" />
                  <test-case description="declines to compress .gif (SR-004)" name="The already-compressed extension list is one list (SR-004).declines to compress .gif (SR-004)" time="0.0023" asserts="0" success="True" result="Success" executed="True" />
                  <test-case description="declines to compress .webm (SR-004)" name="The already-compressed extension list is one list (SR-004).declines to compress .webm (SR-004)" time="0.0018" asserts="0" success="True" result="Success" executed="True" />
                  <test-case description="declines to compress .ogg (SR-004)" name="The already-compressed extension list is one list (SR-004).declines to compress .ogg (SR-004)" time="0.0018" asserts="0" success="True" result="Success" executed="True" />
                  <test-case description="declines to compress .sav (SR-004)" name="The already-compressed extension list is one list (SR-004).declines to compress .sav (SR-004)" time="0.0045" asserts="0" success="True" result="Success" executed="True" />
                  <test-case description="declines to compress .pack (SR-004)" name="The already-compressed extension list is one list (SR-004).declines to compress .pack (SR-004)" time="0.0021" asserts="0" success="True" result="Success" executed="True" />
                </results>
              </test-suite>
            </results>
          </test-suite>
          <test-suite type="TestFixture" name="Backup capacity preflight refuses before mutating (SR-052)" executed="True" result="Success" success="True" time="50.3228" asserts="0" description="Backup capacity preflight refuses before mutating (SR-052)">
            <results>
              <test-case description="refuses the set and writes nothing when the estimate exceeds free space (SR-052, SR-013)" name="Backup capacity preflight refuses before mutating (SR-052).refuses the set and writes nothing when the estimate exceeds free space (SR-052, SR-013)" time="0.5785" asserts="0" success="True" result="Success" executed="True" />
              <test-case description="fails the SET (status 1), not the whole invocation as a usage error (SR-052, SR-014)" name="Backup capacity preflight refuses before mutating (SR-052).fails the SET (status 1), not the whole invocation as a usage error (SR-052, SR-014)" time="3.2632" asserts="0" success="True" result="Success" executed="True" />
              <test-case description="sums both demands when the backup and change roots share one volume (SR-052)" name="Backup capacity preflight refuses before mutating (SR-052).sums both demands when the backup and change roots share one volume (SR-052)" time="0.0185" asserts="0" success="True" result="Success" executed="True" />
              <test-case description="lets a run that fits proceed unchanged (SR-052)" name="Backup capacity preflight refuses before mutating (SR-052).lets a run that fits proceed unchanged (SR-052)" time="3.5737" asserts="0" success="True" result="Success" executed="True" />
              <test-case description="counts only NEW deduplicated content on the backup volume (SR-052)" name="Backup capacity preflight refuses before mutating (SR-052).counts only NEW deduplicated content on the backup volume (SR-052)" time="0.004" asserts="0" success="True" result="Success" executed="True" />
              <test-case description="counts staging bytes only when the change root is on another volume (SR-052)" name="Backup capacity preflight refuses before mutating (SR-052).counts staging bytes only when the change root is on another volume (SR-052)" time="0.0049" asserts="0" success="True" result="Success" executed="True" />
            </results>
          </test-suite>
          <test-suite type="TestFixture" name="Free space is measured the same way on both platforms (SR-052, SR-023)" executed="True" result="Success" success="True" time="50.373" asserts="0" description="Free space is measured the same way on both platforms (SR-052, SR-023)">
            <results>
              <test-case description="returns a plausible non-zero value for a drive-qualified Windows path (SR-052)" name="Free space is measured the same way on both platforms (SR-052, SR-023).returns a plausible non-zero value for a drive-qualified Windows path (SR-052)" time="0.0068" asserts="0" success="True" result="Success" executed="True" />
              <test-case description="measures a path that does not exist yet, via its nearest existing ancestor (SR-052)" name="Free space is measured the same way on both platforms (SR-052, SR-023).measures a path that does not exist yet, via its nearest existing ancestor (SR-052)" time="0.0045" asserts="0" success="True" result="Success" executed="True" />
              <test-case description="never throws for an unresolvable path, it answers $null (SR-052)" name="Free space is measured the same way on both platforms (SR-052, SR-023).never throws for an unresolvable path, it answers $null (SR-052)" time="0.0043" asserts="0" success="True" result="Success" executed="True" />
              <test-case description="tells two volumes apart and one volume from itself (SR-052)" name="Free space is measured the same way on both platforms (SR-052, SR-023).tells two volumes apart and one volume from itself (SR-052)" time="0.0048" asserts="0" success="True" result="Success" executed="True" />
              <test-case description="answers a MOUNT POINT from the mount table, longest prefix wins (SR-052)" name="Free space is measured the same way on both platforms (SR-052, SR-023).answers a MOUNT POINT from the mount table, longest prefix wins (SR-052)" time="0.0144" asserts="0" success="True" result="Success" executed="True" />
              <test-case description="no longer resolves the restore target through Split-Path -Qualifier (SR-023, SR-052)" name="Free space is measured the same way on both platforms (SR-052, SR-023).no longer resolves the restore target through Split-Path -Qualifier (SR-023, SR-052)" time="0.0063" asserts="0" success="True" result="Success" executed="True" />
            </results>
          </test-suite>
        </results>
      </test-suite>
      <test-suite type="TestFixture" name="C:\Projects\FileBackup\tests\Unit\View.Tests.ps1" executed="True" result="Success" success="True" time="22.4087" asserts="0" description="C:\Projects\FileBackup\tests\Unit\View.Tests.ps1">
        <results>
          <test-suite type="TestFixture" name="The view mirrors the manifest exactly (SR-062, TC-129)" executed="True" result="Success" success="True" time="1.6445" asserts="0" description="The view mirrors the manifest exactly (SR-062, TC-129)">
            <results>
              <test-case description="prints the grep fallback instead of embedding search above the row threshold" name="The view mirrors the manifest exactly (SR-062, TC-129).prints the grep fallback instead of embedding search above the row threshold" time="0.4501" asserts="0" success="True" result="Success" executed="True" />
              <test-suite type="ParameterizedTest" name="The view mirrors the manifest exactly (SR-062, TC-129).lists every logical path incl. dedup siblings, names entries from the ROW, and every href resolves to its object (&lt;Mode&gt;)" executed="True" result="Success" success="True" time="1.1393" asserts="0" description="lists every logical path incl. dedup siblings, names entries from the ROW, and every href resolves to its object (&lt;Mode&gt;)">
                <results>
                  <test-case description="lists every logical path incl. dedup siblings, names entries from the ROW, and every href resolves to its object (Plain)" name="The view mirrors the manifest exactly (SR-062, TC-129).lists every logical path incl. dedup siblings, names entries from the ROW, and every href resolves to its object (Plain)" time="0.5752" asserts="0" success="True" result="Success" executed="True" />
                  <test-case description="lists every logical path incl. dedup siblings, names entries from the ROW, and every href resolves to its object (Compress)" name="The view mirrors the manifest exactly (SR-062, TC-129).lists every logical path incl. dedup siblings, names entries from the ROW, and every href resolves to its object (Compress)" time="0.5641" asserts="0" success="True" result="Success" executed="True" />
                </results>
              </test-suite>
            </results>
          </test-suite>
          <test-suite type="TestFixture" name="Freshness, idempotence, torn views (SR-062, TC-131)" executed="True" result="Success" success="True" time="15.2007" asserts="0" description="Freshness, idempotence, torn views (SR-062, TC-131)">
            <results>
              <test-case description="skips when the manifest is unchanged, rebuilds on change dropping stale entries, and never trusts a torn view" name="Freshness, idempotence, torn views (SR-062, TC-131).skips when the manifest is unchanged, rebuilds on change dropping stale entries, and never trusts a torn view" time="1.6075" asserts="0" success="True" result="Success" executed="True" />
              <test-case description="-Action View rebuilds loudly and idempotently; a set without a view refuses with 2 (LLR-064)" name="Freshness, idempotence, torn views (SR-062, TC-131).-Action View rebuilds loudly and idempotently; a set without a view refuses with 2 (LLR-064)" time="6.8858" asserts="0" success="True" result="Success" executed="True" />
              <test-case description="refuses to overwrite a view root that holds a MANIFEST.csv (a STORE, not a view); the backup itself still succeeds" name="Freshness, idempotence, torn views (SR-062, TC-131).refuses to overwrite a view root that holds a MANIFEST.csv (a STORE, not a view); the backup itself still succeeds" time="4.9764" asserts="0" success="True" result="Success" executed="True" />
            </results>
          </test-suite>
          <test-suite type="TestFixture" name="The view is invisible to the engine and the restorers (SR-062, TC-130)" executed="True" result="Success" success="True" time="18.3198" asserts="0" description="The view is invisible to the engine and the restorers (SR-062, TC-130)">
            <results>
              <test-case description="Verify is clean with a view present, restore is byte-exact, and a further run changes no manifest row" name="The view is invisible to the engine and the restorers (SR-062, TC-130).Verify is clean with a view present, restore is byte-exact, and a further run changes no manifest row" time="3.084" asserts="0" success="True" result="Success" executed="True" />
            </results>
          </test-suite>
          <test-suite type="TestFixture" name="Snapshots get no view (SR-062, TC-133)" executed="True" result="Success" success="True" time="19.2191" asserts="0" description="Snapshots get no view (SR-062, TC-133)">
            <results>
              <test-case description="no snapshot folder ever contains view artifacts" name="Snapshots get no view (SR-062, TC-133).no snapshot folder ever contains view artifacts" time="0.8725" asserts="0" success="True" result="Success" executed="True" />
            </results>
          </test-suite>
          <test-suite type="TestFixture" name="The view generator never deletes anything that is not a view (SR-062, SR-051, WP9 review MAJ-1)" executed="True" result="Success" success="True" time="22.3232" asserts="0" description="The view generator never deletes anything that is not a view (SR-062, SR-051, WP9 review MAJ-1)">
            <results>
              <test-case description="refuses to wipe a directory holding ordinary user files, and touches nothing" name="The view generator never deletes anything that is not a view (SR-062, SR-051, WP9 review MAJ-1).refuses to wipe a directory holding ordinary user files, and touches nothing" time="0.0214" asserts="0" success="True" result="Success" executed="True" />
              <test-case description="still regenerates a real view root, and an empty one, without complaint" name="The view generator never deletes anything that is not a view (SR-062, SR-051, WP9 review MAJ-1).still regenerates a real view root, and an empty one, without complaint" time="0.9407" asserts="0" success="True" result="Success" executed="True" />
              <test-case description="a backup run whose ViewPath would swallow the store refuses and leaves both roots intact" name="The view generator never deletes anything that is not a view (SR-062, SR-051, WP9 review MAJ-1).a backup run whose ViewPath would swallow the store refuses and leaves both roots intact" time="2.0983" asserts="0" success="True" result="Success" executed="True" />
            </results>
          </test-suite>
        </results>
      </test-suite>
    </results>
  </test-suite>
</test-results>