<?xml version="1.0" encoding="utf-8" standalone="no"?>
<test-results xmlns:xsi="http://www.w3.org/2001/XMLSchema-instance" xsi:noNamespaceSchemaLocation="nunit_schema_2.5.xsd" name="Pester" total="11" errors="0" failures="2" not-run="0" inconclusive="0" ignored="0" skipped="0" invalid="0" date="2026-08-28" time="16:00:29">
  <environment nunit-version="2.5.8.0" os-version="10.0.26200" clr-version="10.0.11" cwd="C:\Projects\FileBackup" user-domain="DESKTOP-OFFICE" user="Peter" platform="Microsoft Windows 11 Pro|C:\WINDOWS|\Device\Harddisk1\Partition3" machine-name="DESKTOP-OFFICE" />
  <culture-info current-culture="en-US" current-uiculture="en-US" />
  <test-suite type="TestFixture" name="Pester" executed="True" result="Failure" success="False" time="3.5754" asserts="0" description="Pester">
    <results>
      <test-suite type="TestFixture" name="C:\Projects\FileBackup\tests\Unit\VolumeRootFolders.Tests.ps1" executed="True" result="Failure" success="False" time="3.5754" asserts="0" description="C:\Projects\FileBackup\tests\Unit\VolumeRootFolders.Tests.ps1">
        <results>
          <test-suite type="TestFixture" name="Volume-root pseudo-folder predicate (SR-074, TC-175)" executed="True" result="Success" success="True" time="0.1882" asserts="0" description="Volume-root pseudo-folder predicate (SR-074, TC-175)">
            <results>
              <test-case description="matches the folder itself, at the root" name="Volume-root pseudo-folder predicate (SR-074, TC-175).matches the folder itself, at the root" time="0.1207" asserts="0" success="True" result="Success" executed="True" />
              <test-case description="matches everything underneath it" name="Volume-root pseudo-folder predicate (SR-074, TC-175).matches everything underneath it" time="0.0066" asserts="0" success="True" result="Success" executed="True" />
              <test-case description="is case-insensitive, as the filesystem is" name="Volume-root pseudo-folder predicate (SR-074, TC-175).is case-insensitive, as the filesystem is" time="0.0059" asserts="0" success="True" result="Success" executed="True" />
              <test-case description="treats a NESTED folder of the same name as ordinary user data (B6)" name="Volume-root pseudo-folder predicate (SR-074, TC-175).treats a NESTED folder of the same name as ordinary user data (B6)" time="0.0075" asserts="0" success="True" result="Success" executed="True" />
              <test-case description="does not match ordinary paths, a prefix-sharing sibling, or the root itself" name="Volume-root pseudo-folder predicate (SR-074, TC-175).does not match ordinary paths, a prefix-sharing sibling, or the root itself" time="0.0091" asserts="0" success="True" result="Success" executed="True" />
            </results>
          </test-suite>
          <test-suite type="TestFixture" name="Source enumeration skips them (SR-074, TC-176)" executed="True" result="Success" success="True" time="0.2792" asserts="0" description="Source enumeration skips them (SR-074, TC-176)">
            <results>
              <test-case description="enumerates ordinary files" name="Source enumeration skips them (SR-074, TC-176).enumerates ordinary files" time="0.0183" asserts="0" success="True" result="Success" executed="True" />
              <test-case description="does NOT enumerate the recycle bin at the root - deleted files are not backup material" name="Source enumeration skips them (SR-074, TC-176).does NOT enumerate the recycle bin at the root - deleted files are not backup material" time="0.0063" asserts="0" success="True" result="Success" executed="True" />
              <test-case description="DOES enumerate a nested folder of the same name (B6)" name="Source enumeration skips them (SR-074, TC-176).DOES enumerate a nested folder of the same name (B6)" time="0.0072" asserts="0" success="True" result="Success" executed="True" />
            </results>
          </test-suite>
          <test-suite type="TestFixture" name="An unreadable volume-root folder does not fail the set (SR-074, TC-177)" executed="True" result="Success" success="True" time="0.3766" asserts="0" description="An unreadable volume-root folder does not fail the set (SR-074, TC-177)">
            <results>
              <test-case description="is not reported as an enumeration error" name="An unreadable volume-root folder does not fail the set (SR-074, TC-177).is not reported as an enumeration error" time="0.0641" asserts="0" success="True" result="Success" executed="True" />
            </results>
          </test-suite>
          <test-suite type="TestFixture" name="A backup at a volume root still restores (SR-074, TC-178)" executed="True" result="Failure" success="False" time="0.4764" asserts="0" description="A backup at a volume root still restores (SR-074, TC-178)">
            <results>
              <test-case description="does not report StorageUnreadable for a volume-root pseudo-folder in the pool" name="A backup at a volume root still restores (SR-074, TC-178).does not report StorageUnreadable for a volume-root pseudo-folder in the pool" time="0.0946" asserts="0" success="False" result="Failure" executed="True">
                <failure>
                  <message>Expected the actual value to be greater than or equal to 2, because both the candidate list and the enumeration errors are filtered, but got 1.</message>
                  <stack-trace>at Should -BeGreaterOrEqual 2 -Because 'both the candidate list and the enumeration errors are filtered', C:\Projects\FileBackup\tests\Unit\VolumeRootFolders.Tests.ps1:124
at &lt;ScriptBlock&gt;, C:\Projects\FileBackup\tests\Unit\VolumeRootFolders.Tests.ps1:123</stack-trace>
                </failure>
              </test-case>
            </results>
          </test-suite>
          <test-suite type="TestFixture" name="A store at a volume root CLASSIFIES a failure honestly (SR-074, SR-040, TC-180)" executed="True" result="Failure" success="False" time="3.0085" asserts="0" description="A store at a volume root CLASSIFIES a failure honestly (SR-074, SR-040, TC-180)">
            <results>
              <test-case description="reports ContentMissing (1), not StorageUnreadable (4), when the bytes really are gone" name="A store at a volume root CLASSIFIES a failure honestly (SR-074, SR-040, TC-180).reports ContentMissing (1), not StorageUnreadable (4), when the bytes really are gone" time="2.4948" asserts="0" success="False" result="Failure" executed="True">
                <failure>
                  <message>Expected 1, because the bytes are genuinely gone, which is content damage - not a host problem to retry. Output:, but got 4.</message>
                  <stack-trace>at $code | Should -Be 1 -Because "the bytes are genuinely gone, which is content damage - not a host problem to retry. Output: $out", C:\Projects\FileBackup\tests\Unit\VolumeRootFolders.Tests.ps1:190
at &lt;ScriptBlock&gt;, C:\Projects\FileBackup\tests\Unit\VolumeRootFolders.Tests.ps1:190</stack-trace>
                </failure>
              </test-case>
            </results>
          </test-suite>
        </results>
      </test-suite>
    </results>
  </test-suite>
</test-results>